2025-06-25 08:30:21 [error]: Login error: WHERE parameter "email" has invalid "undefined" value
2025-06-25 08:33:43 [error]: Login error: data and hash arguments required
2025-06-25 08:34:35 [error]: Login error: data and hash arguments required
2025-06-25 08:36:49 [error]: Login error: data and hash arguments required
2025-06-25 08:36:56 [error]: Login error: data and hash arguments required
2025-06-25 08:38:19 [error]: Login error: data and hash arguments required
2025-06-25 08:39:13 [error]: Login error: data and hash arguments required
2025-06-25 08:40:28 [error]: Login error: data and hash arguments required
2025-06-25 08:41:08 [error]: Login error: data and hash arguments required
2025-06-25 08:42:14 [error]: Login error: data and hash arguments required
2025-06-25 08:42:41 [error]: Login error: data and hash arguments required
2025-06-25 08:57:13 [error]: Login error: data and hash arguments required
2025-06-25 08:57:24 [error]: Login error: data and hash arguments required
2025-06-25 09:27:59 [error]: Login error: Invalid salt. Salt must be in the form of: $Vers$log2(NumRounds)$saltvalue
2025-06-25 09:28:44 [error]: Login error: Invalid salt. Salt must be in the form of: $Vers$log2(NumRounds)$saltvalue
2025-06-25 09:29:30 [error]: Login error: Invalid salt. Salt must be in the form of: $Vers$log2(NumRounds)$saltvalue
2025-06-25 09:30:03 [error]: Login error: Invalid salt. Salt must be in the form of: $Vers$log2(NumRounds)$saltvalue
2025-06-25 09:30:05 [error]: Login error: Invalid salt. Salt must be in the form of: $Vers$log2(NumRounds)$saltvalue
2025-06-25 09:30:11 [error]: Login error: Invalid salt. Salt must be in the form of: $Vers$log2(NumRounds)$saltvalue
2025-06-25 09:46:22 [error]: Error updating passwords: Access denied for user ''@'localhost' (using password: YES)
2025-06-25 09:56:09 [error]: Error updating passwords: bcrypt is not defined
2025-06-25 09:56:27 [error]: Error updating passwords: bcrypt is not defined
2025-06-25 10:20:11 [error]: Login error: data and hash must be strings
2025-06-25 13:07:28 [error]: Invalid token: invalid token
2025-06-25 13:07:33 [error]: Invalid token: invalid token
2025-06-25 16:29:09 [error]: Invalid token: jwt expired
2025-06-25 16:58:20 [error]: Invalid token: jwt expired
2025-06-25 17:10:46 [error]: Invalid token: jwt expired
2025-06-25 17:21:28 [error]: Invalid token: jwt expired
2025-06-25 17:22:57 [error]: Invalid token: jwt expired
2025-06-25 17:24:11 [error]: Invalid token: jwt expired
