2025-06-27 10:35:28 [info]: Server running on port 3000
2025-06-27 15:24:38 [info]: Server running on port 3000
2025-06-27 15:24:56 [info]: Server running on port 3000
2025-06-27 15:25:05 [error]: Invalid token: jwt expired
2025-06-27 15:25:08 [error]: Login error: 
2025-06-27 15:25:12 [error]: Login error: 
2025-06-27 15:25:22 [error]: Login error: 
2025-06-27 15:25:41 [error]: Login error: 
2025-06-27 15:26:03 [info]: Server running on port 3000
2025-06-27 15:26:04 [error]: Login error: 
2025-06-27 15:26:24 [info]: Server running on port 3000
2025-06-27 15:26:25 [info]: Login:  neo@gmail.com password abc123
2025-06-27 15:26:25 [error]: Login error: 
2025-06-27 15:26:42 [info]: Server running on port 3000
2025-06-27 15:26:43 [info]: Login:  neo@gmail.com password abc123
2025-06-27 15:26:43 [error]: Login error: 
2025-06-27 15:26:57 [info]: Server running on port 3000
2025-06-27 15:26:59 [info]: Login:  neo@gmail.com password abc123
2025-06-27 15:26:59 [error]: Login error: 
2025-06-27 15:32:30 [info]: Server running on port 3000
2025-06-27 15:33:03 [info]: Server running on port 3000
2025-06-27 15:33:06 [info]: Login:  neo@gmail.com password abc123
2025-06-27 15:33:06 [error]: Login error: 
2025-06-27 15:33:49 [info]: Login:  neo@gmail.com password abc123
2025-06-27 15:33:49 [info]: Login:  neo@gmail.com password abc123
2025-06-27 15:33:49 [info]: Login:  password abc123
2025-06-27 15:33:49 [info]: Neo User neo@gmail.com logged in successfully111
2025-06-27 15:35:04 [info]: Server running on port 3000
2025-06-27 15:35:08 [info]: Server running on port 3000
2025-06-27 15:35:13 [info]: User Neo logout  in successfully
2025-06-27 15:35:41 [info]: Login:  neo@gmail.com password abc123
2025-06-27 15:35:41 [info]: Login:  neo@gmail.com password abc123
2025-06-27 15:35:41 [info]: Login failed: User with email neo@gmail.com is deactivated
2025-06-27 15:35:43 [info]: Login:  neo@gmail.com password abc123
2025-06-27 15:35:43 [info]: Login:  neo@gmail.com password abc123
2025-06-27 15:35:43 [info]: Login failed: User with email neo@gmail.com is deactivated
2025-06-27 15:36:22 [info]: Server running on port 3000
2025-06-27 15:36:26 [info]: Server running on port 3000
2025-06-27 15:36:31 [info]: Server running on port 3000
2025-06-27 15:36:39 [info]: Login:  neo@gmail.com password abc123
2025-06-27 15:36:39 [info]: Login:  password abc123
2025-06-27 15:36:39 [info]: Neo User neo@gmail.com logged in successfully111
2025-06-27 15:38:39 [info]: Server running on port 3000
2025-06-27 15:40:29 [info]: Server running on port 3000
2025-06-27 15:40:56 [info]: Server running on port 3000
2025-06-27 15:41:04 [info]: Server running on port 3000
2025-06-27 15:41:13 [info]: Server running on port 3000
2025-06-27 15:41:46 [info]: Server running on port 3000
2025-06-27 15:42:06 [info]: Server running on port 3000
2025-06-27 15:42:19 [info]: Server running on port 3000
2025-06-27 15:43:34 [info]: Server running on port 3000
2025-06-27 15:43:46 [info]: Server running on port 3000
2025-06-27 15:45:10 [info]: Server running on port 3000
2025-06-27 15:46:41 [info]: Server running on port 3000
